0 info it worked if it ends with ok
1 verbose cli [ 'c:\\Program Files\\nodejs\\\\node.exe',
1 verbose cli   'c:\\Program Files\\nodejs\\node_modules\\npm\\bin\\npm-cli.js',
1 verbose cli   'install',
1 verbose cli   '-g',
1 verbose cli   'edpx-fecs' ]
2 info using npm@1.4.14
3 info using node@v0.10.29
4 verbose node symlink c:\Program Files\nodejs\\node.exe
5 verbose cache add [ 'edpx-fecs', null ]
6 verbose cache add name=undefined spec="edpx-fecs" args=["edpx-fecs",null]
7 verbose parsed url { protocol: null,
7 verbose parsed url   slashes: null,
7 verbose parsed url   auth: null,
7 verbose parsed url   host: null,
7 verbose parsed url   port: null,
7 verbose parsed url   hostname: null,
7 verbose parsed url   hash: null,
7 verbose parsed url   search: null,
7 verbose parsed url   query: null,
7 verbose parsed url   pathname: 'edpx-fecs',
7 verbose parsed url   path: 'edpx-fecs',
7 verbose parsed url   href: 'edpx-fecs' }
8 silly lockFile f3c89df9-edpx-fecs edpx-fecs
9 verbose lock edpx-fecs C:\Users\chenjunyuan\AppData\Roaming\npm-cache\f3c89df9-edpx-fecs.lock
10 silly lockFile f3c89df9-edpx-fecs edpx-fecs
11 silly lockFile f3c89df9-edpx-fecs edpx-fecs
12 verbose addNamed [ 'edpx-fecs', '' ]
13 verbose addNamed [ null, '*' ]
14 silly lockFile b2f59bb3-edpx-fecs edpx-fecs@
15 verbose lock edpx-fecs@ C:\Users\chenjunyuan\AppData\Roaming\npm-cache\b2f59bb3-edpx-fecs.lock
16 silly addNameRange { name: 'edpx-fecs', range: '*', hasData: false }
17 verbose url raw edpx-fecs
18 verbose url resolving [ 'https://registry.npmjs.org/', './edpx-fecs' ]
19 verbose url resolved https://registry.npmjs.org/edpx-fecs
20 info trying registry request attempt 1 at 22:35:03
21 http GET https://registry.npmjs.org/edpx-fecs
22 http 404 https://registry.npmjs.org/edpx-fecs
23 verbose headers { date: 'Sat, 22 Nov 2014 14:35:05 GMT',
23 verbose headers   server: 'CouchDB/1.5.0 (Erlang OTP/R16B03)',
23 verbose headers   'content-type': 'application/json',
23 verbose headers   'cache-control': 'max-age=0',
23 verbose headers   'content-length': '52',
23 verbose headers   'accept-ranges': 'bytes',
23 verbose headers   via: '1.1 varnish',
23 verbose headers   age: '0',
23 verbose headers   'x-served-by': 'cache-ty66-TYO',
23 verbose headers   'x-cache': 'MISS',
23 verbose headers   'x-cache-hits': '0',
23 verbose headers   'x-timer': 'S1416666904.953246,VS0,VE181',
23 verbose headers   'keep-alive': 'timeout=10, max=50',
23 verbose headers   connection: 'Keep-Alive' }
24 silly registry.get cb [ 404,
24 silly registry.get   { date: 'Sat, 22 Nov 2014 14:35:05 GMT',
24 silly registry.get     server: 'CouchDB/1.5.0 (Erlang OTP/R16B03)',
24 silly registry.get     'content-type': 'application/json',
24 silly registry.get     'cache-control': 'max-age=0',
24 silly registry.get     'content-length': '52',
24 silly registry.get     'accept-ranges': 'bytes',
24 silly registry.get     via: '1.1 varnish',
24 silly registry.get     age: '0',
24 silly registry.get     'x-served-by': 'cache-ty66-TYO',
24 silly registry.get     'x-cache': 'MISS',
24 silly registry.get     'x-cache-hits': '0',
24 silly registry.get     'x-timer': 'S1416666904.953246,VS0,VE181',
24 silly registry.get     'keep-alive': 'timeout=10, max=50',
24 silly registry.get     connection: 'Keep-Alive' } ]
25 silly lockFile b2f59bb3-edpx-fecs edpx-fecs@
26 silly lockFile b2f59bb3-edpx-fecs edpx-fecs@
27 error 404 404 Not Found: edpx-fecs
27 error 404
27 error 404 'edpx-fecs' is not in the npm registry.
27 error 404 You should bug the author to publish it
27 error 404
27 error 404 Note that you can also install from a
27 error 404 tarball, folder, or http url, or git url.
28 error System Windows_NT 6.1.7601
29 error command "c:\\Program Files\\nodejs\\\\node.exe" "c:\\Program Files\\nodejs\\node_modules\\npm\\bin\\npm-cli.js" "install" "-g" "edpx-fecs"
30 error cwd D:\iResume\web
31 error node -v v0.10.29
32 error npm -v 1.4.14
33 error code E404
34 verbose exit [ 1, true ]
